0 info it worked if it ends with ok
1 verbose cli [ '/Users/p4bloch/.nvm/versions/node/v7.5.0/bin/node',
1 verbose cli   '/Users/p4bloch/.nvm/versions/node/v7.5.0/bin/npm',
1 verbose cli   'start' ]
2 info using npm@4.1.2
3 info using node@v7.5.0
4 verbose run-script [ 'prestart', 'start', 'poststart' ]
5 info lifecycle codenames-gql@1.0.0~prestart: codenames-gql@1.0.0
6 silly lifecycle codenames-gql@1.0.0~prestart: no script for prestart, continuing
7 info lifecycle codenames-gql@1.0.0~start: codenames-gql@1.0.0
8 verbose lifecycle codenames-gql@1.0.0~start: unsafe-perm in lifecycle true
9 verbose lifecycle codenames-gql@1.0.0~start: PATH: /Users/p4bloch/.nvm/versions/node/v7.5.0/lib/node_modules/npm/bin/node-gyp-bin:/Users/p4bloch/arenero/codenames-gql/node_modules/.bin:/Users/p4bloch/.yarn/bin:/Users/p4bloch/.nvm/versions/node/v7.5.0/bin:/opt/chefdk/embedded/bin:/Users/p4bloch/node_modules/.bin:/Users/p4bloch/.chefdk/gem/ruby/2.1.0/bin:/usr/local/bin:/usr/bin:/bin:/usr/sbin:/sbin:/Users/p4bloch/.composer/vendor/bin:/Applications/Postgres.app/Contents/Versions/latest/bin
10 verbose lifecycle codenames-gql@1.0.0~start: CWD: /Users/p4bloch/arenero/codenames-gql
11 silly lifecycle codenames-gql@1.0.0~start: Args: [ '-c', 'nodemon --exec babel-node server' ]
12 info lifecycle codenames-gql@1.0.0~start: Failed to exec start script
13 verbose stack Error: codenames-gql@1.0.0 start: `nodemon --exec babel-node server`
13 verbose stack spawn ENOENT
13 verbose stack     at ChildProcess.<anonymous> (/Users/p4bloch/.nvm/versions/node/v7.5.0/lib/node_modules/npm/lib/utils/spawn.js:33:16)
13 verbose stack     at emitTwo (events.js:106:13)
13 verbose stack     at ChildProcess.emit (events.js:192:7)
13 verbose stack     at maybeClose (internal/child_process.js:890:16)
13 verbose stack     at Process.ChildProcess._handle.onexit (internal/child_process.js:226:5)
14 verbose pkgid codenames-gql@1.0.0
15 verbose cwd /Users/p4bloch/arenero/codenames-gql
16 error Darwin 16.0.0
17 error argv "/Users/p4bloch/.nvm/versions/node/v7.5.0/bin/node" "/Users/p4bloch/.nvm/versions/node/v7.5.0/bin/npm" "start"
18 error node v7.5.0
19 error npm  v4.1.2
20 error file sh
21 error code ELIFECYCLE
22 error errno ENOENT
23 error syscall spawn
24 error codenames-gql@1.0.0 start: `nodemon --exec babel-node server`
24 error spawn ENOENT
25 error Failed at the codenames-gql@1.0.0 start script 'nodemon --exec babel-node server'.
25 error Make sure you have the latest version of node.js and npm installed.
25 error If you do, this is most likely a problem with the codenames-gql package,
25 error not with npm itself.
25 error Tell the author that this fails on your system:
25 error     nodemon --exec babel-node server
25 error You can get information on how to open an issue for this project with:
25 error     npm bugs codenames-gql
25 error Or if that isn't available, you can get their info via:
25 error     npm owner ls codenames-gql
25 error There is likely additional logging output above.
26 verbose exit [ 1, true ]
